The system is: Linux - 3.10.0-1160.45.1.el7.x86_64 - x86_64
Compiling the C compiler identification source file "CMakeCCompilerId.c" succeeded.
Compiler: /opt/psi/Programming/gcc/10.3.0/bin/gcc 
Build flags: 
Id flags:  

The output was:
0


Compilation of the C compiler identification source "CMakeCCompilerId.c" produced "a.out"

The C compiler identification is GNU, found in "/meg/home/tomaiu_c/examples/uff/sim/build/CMakeFiles/3.9.6/CompilerIdC/a.out"

Compiling the CXX compiler identification source file "CMakeCXXCompilerId.cpp" succeeded.
Compiler: /opt/psi/Programming/gcc/10.3.0/bin/g++ 
Build flags: 
Id flags:  

The output was:
0


Compilation of the CXX compiler identification source "CMakeCXXCompilerId.cpp" produced "a.out"

The CXX compiler identification is GNU, found in "/meg/home/tomaiu_c/examples/uff/sim/build/CMakeFiles/3.9.6/CompilerIdCXX/a.out"

Determining if the C compiler works passed with the following output:
Change Dir: /meg/home/tomaiu_c/examples/uff/sim/build/CMakeFiles/CMakeTmp

Run Build Command:"/usr/bin/gmake" "cmTC_43144/fast"
/usr/bin/gmake -f CMakeFiles/cmTC_43144.dir/build.make CMakeFiles/cmTC_43144.dir/build
gmake[1]: Entering directory `/meg/home/tomaiu_c/examples/uff/sim/build/CMakeFiles/CMakeTmp'
Building C object CMakeFiles/cmTC_43144.dir/testCCompiler.c.o
/opt/psi/Programming/gcc/10.3.0/bin/gcc    -o CMakeFiles/cmTC_43144.dir/testCCompiler.c.o   -c /meg/home/tomaiu_c/examples/uff/sim/build/CMakeFiles/CMakeTmp/testCCompiler.c
Linking C executable cmTC_43144
/afs/psi.ch/sys/psi.merlin/Programming/cmake/3.9.6/bin/cmake -E cmake_link_script CMakeFiles/cmTC_43144.dir/link.txt --verbose=1
/opt/psi/Programming/gcc/10.3.0/bin/gcc      -rdynamic CMakeFiles/cmTC_43144.dir/testCCompiler.c.o  -o cmTC_43144 
gmake[1]: Leaving directory `/meg/home/tomaiu_c/examples/uff/sim/build/CMakeFiles/CMakeTmp'


Detecting C compiler ABI info compiled with the following output:
Change Dir: /meg/home/tomaiu_c/examples/uff/sim/build/CMakeFiles/CMakeTmp

Run Build Command:"/usr/bin/gmake" "cmTC_50a88/fast"
/usr/bin/gmake -f CMakeFiles/cmTC_50a88.dir/build.make CMakeFiles/cmTC_50a88.dir/build
gmake[1]: Entering directory `/meg/home/tomaiu_c/examples/uff/sim/build/CMakeFiles/CMakeTmp'
Building C object CMakeFiles/cmTC_50a88.dir/CMakeCCompilerABI.c.o
/opt/psi/Programming/gcc/10.3.0/bin/gcc    -o CMakeFiles/cmTC_50a88.dir/CMakeCCompilerABI.c.o   -c /afs/psi.ch/sys/psi.merlin/Programming/cmake/3.9.6/share/cmake-3.9/Modules/CMakeCCompilerABI.c
Linking C executable cmTC_50a88
/afs/psi.ch/sys/psi.merlin/Programming/cmake/3.9.6/bin/cmake -E cmake_link_script CMakeFiles/cmTC_50a88.dir/link.txt --verbose=1
/opt/psi/Programming/gcc/10.3.0/bin/gcc     -v -rdynamic CMakeFiles/cmTC_50a88.dir/CMakeCCompilerABI.c.o  -o cmTC_50a88 
Using built-in specs.
COLLECT_GCC=/opt/psi/Programming/gcc/10.3.0/bin/gcc
COLLECT_LTO_WRAPPER=/afs/psi.ch/sys/psi.merlin/Programming/gcc/10.3.0/bin/../libexec/gcc/x86_64-pc-linux-gnu/10.3.0/lto-wrapper
Target: x86_64-pc-linux-gnu
Configured with: /var/tmp/gsell/gcc-10.3.0/src/configure --prefix=/opt/psi/Programming/gcc/10.3.0 --enable-languages=c,c++,objc,obj-c++,lto,fortran,go --with-gmp=/opt/psi/Libraries/gmp/6.2.1 --with-mpfr=/opt/psi/Libraries/mpfr/4.1.0 --with-mpc=/opt/psi/Libraries/mpc/1.2.1 --enable-lto --disable-multilib --with-pkgversion=''\''PSI Environment Module'\''' --with-build-config=bootstrap-debug
Thread model: posix
Supported LTO compression algorithms: zlib
gcc version 10.3.0 ('PSI Environment Module') 
COMPILER_PATH=/afs/psi.ch/sys/psi.merlin/Programming/gcc/10.3.0/bin/../libexec/gcc/x86_64-pc-linux-gnu/10.3.0/:/afs/psi.ch/sys/psi.merlin/Programming/gcc/10.3.0/bin/../libexec/gcc/
LIBRARY_PATH=/afs/psi.ch/sys/psi.merlin/Programming/gcc/10.3.0/bin/../lib/gcc/x86_64-pc-linux-gnu/10.3.0/:/afs/psi.ch/sys/psi.merlin/Programming/gcc/10.3.0/bin/../lib/gcc/:/opt/psi/Programming/gcc/10.3.0/lib64/../lib64/:/opt/psi/Programming/gcc/10.3.0/lib/../lib64/:/afs/psi.ch/sys/psi.merlin/Programming/gcc/10.3.0/bin/../lib/gcc/x86_64-pc-linux-gnu/10.3.0/../../../../lib64/:/lib/../lib64/:/usr/lib/../lib64/:/opt/psi/Programming/gcc/10.3.0/lib64/:/opt/psi/Programming/gcc/10.3.0/lib/:/opt/psi/Programming/psi-python38/2020.11/lib/:/afs/psi.ch/sys/psi.merlin/Programming/gcc/10.3.0/bin/../lib/gcc/x86_64-pc-linux-gnu/10.3.0/../../../:/lib/:/usr/lib/
COLLECT_GCC_OPTIONS='-v' '-rdynamic' '-o' 'cmTC_50a88' '-mtune=generic' '-march=x86-64'
 /afs/psi.ch/sys/psi.merlin/Programming/gcc/10.3.0/bin/../libexec/gcc/x86_64-pc-linux-gnu/10.3.0/collect2 --eh-frame-hdr -m elf_x86_64 -export-dynamic -dynamic-linker /lib64/ld-linux-x86-64.so.2 -o cmTC_50a88 /lib/../lib64/crt1.o /lib/../lib64/crti.o /afs/psi.ch/sys/psi.merlin/Programming/gcc/10.3.0/bin/../lib/gcc/x86_64-pc-linux-gnu/10.3.0/crtbegin.o -L/afs/psi.ch/sys/psi.merlin/Programming/gcc/10.3.0/bin/../lib/gcc/x86_64-pc-linux-gnu/10.3.0 -L/afs/psi.ch/sys/psi.merlin/Programming/gcc/10.3.0/bin/../lib/gcc -L/opt/psi/Programming/gcc/10.3.0/lib64/../lib64 -L/opt/psi/Programming/gcc/10.3.0/lib/../lib64 -L/afs/psi.ch/sys/psi.merlin/Programming/gcc/10.3.0/bin/../lib/gcc/x86_64-pc-linux-gnu/10.3.0/../../../../lib64 -L/lib/../lib64 -L/usr/lib/../lib64 -L/opt/psi/Programming/gcc/10.3.0/lib64 -L/opt/psi/Programming/gcc/10.3.0/lib -L/opt/psi/Programming/psi-python38/2020.11/lib -L/afs/psi.ch/sys/psi.merlin/Programming/gcc/10.3.0/bin/../lib/gcc/x86_64-pc-linux-gnu/10.3.0/../../.. CMakeFiles/cmTC_50a88.dir/CMakeCCompilerABI.c.o -lgcc --as-needed -lgcc_s --no-as-needed -lc -lgcc --as-needed -lgcc_s --no-as-needed /afs/psi.ch/sys/psi.merlin/Programming/gcc/10.3.0/bin/../lib/gcc/x86_64-pc-linux-gnu/10.3.0/crtend.o /lib/../lib64/crtn.o
COLLECT_GCC_OPTIONS='-v' '-rdynamic' '-o' 'cmTC_50a88' '-mtune=generic' '-march=x86-64'
gmake[1]: Leaving directory `/meg/home/tomaiu_c/examples/uff/sim/build/CMakeFiles/CMakeTmp'


Parsed C implicit link information from above output:
  link line regex: [^( *|.*[/\])(ld|CMAKE_LINK_STARTFILE-NOTFOUND|([^/\]+-)?ld|collect2)[^/\]*( |$)]
  ignore line: [Change Dir: /meg/home/tomaiu_c/examples/uff/sim/build/CMakeFiles/CMakeTmp]
  ignore line: []
  ignore line: [Run Build Command:"/usr/bin/gmake" "cmTC_50a88/fast"]
  ignore line: [/usr/bin/gmake -f CMakeFiles/cmTC_50a88.dir/build.make CMakeFiles/cmTC_50a88.dir/build]
  ignore line: [gmake[1]: Entering directory `/meg/home/tomaiu_c/examples/uff/sim/build/CMakeFiles/CMakeTmp']
  ignore line: [Building C object CMakeFiles/cmTC_50a88.dir/CMakeCCompilerABI.c.o]
  ignore line: [/opt/psi/Programming/gcc/10.3.0/bin/gcc    -o CMakeFiles/cmTC_50a88.dir/CMakeCCompilerABI.c.o   -c /afs/psi.ch/sys/psi.merlin/Programming/cmake/3.9.6/share/cmake-3.9/Modules/CMakeCCompilerABI.c]
  ignore line: [Linking C executable cmTC_50a88]
  ignore line: [/afs/psi.ch/sys/psi.merlin/Programming/cmake/3.9.6/bin/cmake -E cmake_link_script CMakeFiles/cmTC_50a88.dir/link.txt --verbose=1]
  ignore line: [/opt/psi/Programming/gcc/10.3.0/bin/gcc     -v -rdynamic CMakeFiles/cmTC_50a88.dir/CMakeCCompilerABI.c.o  -o cmTC_50a88 ]
  ignore line: [Using built-in specs.]
  ignore line: [COLLECT_GCC=/opt/psi/Programming/gcc/10.3.0/bin/gcc]
  ignore line: [COLLECT_LTO_WRAPPER=/afs/psi.ch/sys/psi.merlin/Programming/gcc/10.3.0/bin/../libexec/gcc/x86_64-pc-linux-gnu/10.3.0/lto-wrapper]
  ignore line: [Target: x86_64-pc-linux-gnu]
  ignore line: [Configured with: /var/tmp/gsell/gcc-10.3.0/src/configure --prefix=/opt/psi/Programming/gcc/10.3.0 --enable-languages=c,c++,objc,obj-c++,lto,fortran,go --with-gmp=/opt/psi/Libraries/gmp/6.2.1 --with-mpfr=/opt/psi/Libraries/mpfr/4.1.0 --with-mpc=/opt/psi/Libraries/mpc/1.2.1 --enable-lto --disable-multilib --with-pkgversion=''\''PSI Environment Module'\''' --with-build-config=bootstrap-debug]
  ignore line: [Thread model: posix]
  ignore line: [Supported LTO compression algorithms: zlib]
  ignore line: [gcc version 10.3.0 ('PSI Environment Module') ]
  ignore line: [COMPILER_PATH=/afs/psi.ch/sys/psi.merlin/Programming/gcc/10.3.0/bin/../libexec/gcc/x86_64-pc-linux-gnu/10.3.0/:/afs/psi.ch/sys/psi.merlin/Programming/gcc/10.3.0/bin/../libexec/gcc/]
  ignore line: [LIBRARY_PATH=/afs/psi.ch/sys/psi.merlin/Programming/gcc/10.3.0/bin/../lib/gcc/x86_64-pc-linux-gnu/10.3.0/:/afs/psi.ch/sys/psi.merlin/Programming/gcc/10.3.0/bin/../lib/gcc/:/opt/psi/Programming/gcc/10.3.0/lib64/../lib64/:/opt/psi/Programming/gcc/10.3.0/lib/../lib64/:/afs/psi.ch/sys/psi.merlin/Programming/gcc/10.3.0/bin/../lib/gcc/x86_64-pc-linux-gnu/10.3.0/../../../../lib64/:/lib/../lib64/:/usr/lib/../lib64/:/opt/psi/Programming/gcc/10.3.0/lib64/:/opt/psi/Programming/gcc/10.3.0/lib/:/opt/psi/Programming/psi-python38/2020.11/lib/:/afs/psi.ch/sys/psi.merlin/Programming/gcc/10.3.0/bin/../lib/gcc/x86_64-pc-linux-gnu/10.3.0/../../../:/lib/:/usr/lib/]
  ignore line: [COLLECT_GCC_OPTIONS='-v' '-rdynamic' '-o' 'cmTC_50a88' '-mtune=generic' '-march=x86-64']
  link line: [ /afs/psi.ch/sys/psi.merlin/Programming/gcc/10.3.0/bin/../libexec/gcc/x86_64-pc-linux-gnu/10.3.0/collect2 --eh-frame-hdr -m elf_x86_64 -export-dynamic -dynamic-linker /lib64/ld-linux-x86-64.so.2 -o cmTC_50a88 /lib/../lib64/crt1.o /lib/../lib64/crti.o /afs/psi.ch/sys/psi.merlin/Programming/gcc/10.3.0/bin/../lib/gcc/x86_64-pc-linux-gnu/10.3.0/crtbegin.o -L/afs/psi.ch/sys/psi.merlin/Programming/gcc/10.3.0/bin/../lib/gcc/x86_64-pc-linux-gnu/10.3.0 -L/afs/psi.ch/sys/psi.merlin/Programming/gcc/10.3.0/bin/../lib/gcc -L/opt/psi/Programming/gcc/10.3.0/lib64/../lib64 -L/opt/psi/Programming/gcc/10.3.0/lib/../lib64 -L/afs/psi.ch/sys/psi.merlin/Programming/gcc/10.3.0/bin/../lib/gcc/x86_64-pc-linux-gnu/10.3.0/../../../../lib64 -L/lib/../lib64 -L/usr/lib/../lib64 -L/opt/psi/Programming/gcc/10.3.0/lib64 -L/opt/psi/Programming/gcc/10.3.0/lib -L/opt/psi/Programming/psi-python38/2020.11/lib -L/afs/psi.ch/sys/psi.merlin/Programming/gcc/10.3.0/bin/../lib/gcc/x86_64-pc-linux-gnu/10.3.0/../../.. CMakeFiles/cmTC_50a88.dir/CMakeCCompilerABI.c.o -lgcc --as-needed -lgcc_s --no-as-needed -lc -lgcc --as-needed -lgcc_s --no-as-needed /afs/psi.ch/sys/psi.merlin/Programming/gcc/10.3.0/bin/../lib/gcc/x86_64-pc-linux-gnu/10.3.0/crtend.o /lib/../lib64/crtn.o]
    arg [/afs/psi.ch/sys/psi.merlin/Programming/gcc/10.3.0/bin/../libexec/gcc/x86_64-pc-linux-gnu/10.3.0/collect2] ==> ignore
    arg [--eh-frame-hdr] ==> ignore
    arg [-m] ==> ignore
    arg [elf_x86_64] ==> ignore
    arg [-export-dynamic] ==> ignore
    arg [-dynamic-linker] ==> ignore
    arg [/lib64/ld-linux-x86-64.so.2] ==> ignore
    arg [-o] ==> ignore
    arg [cmTC_50a88] ==> ignore
    arg [/lib/../lib64/crt1.o] ==> ignore
    arg [/lib/../lib64/crti.o] ==> ignore
    arg [/afs/psi.ch/sys/psi.merlin/Programming/gcc/10.3.0/bin/../lib/gcc/x86_64-pc-linux-gnu/10.3.0/crtbegin.o] ==> ignore
    arg [-L/afs/psi.ch/sys/psi.merlin/Programming/gcc/10.3.0/bin/../lib/gcc/x86_64-pc-linux-gnu/10.3.0] ==> dir [/afs/psi.ch/sys/psi.merlin/Programming/gcc/10.3.0/bin/../lib/gcc/x86_64-pc-linux-gnu/10.3.0]
    arg [-L/afs/psi.ch/sys/psi.merlin/Programming/gcc/10.3.0/bin/../lib/gcc] ==> dir [/afs/psi.ch/sys/psi.merlin/Programming/gcc/10.3.0/bin/../lib/gcc]
    arg [-L/opt/psi/Programming/gcc/10.3.0/lib64/../lib64] ==> dir [/opt/psi/Programming/gcc/10.3.0/lib64/../lib64]
    arg [-L/opt/psi/Programming/gcc/10.3.0/lib/../lib64] ==> dir [/opt/psi/Programming/gcc/10.3.0/lib/../lib64]
    arg [-L/afs/psi.ch/sys/psi.merlin/Programming/gcc/10.3.0/bin/../lib/gcc/x86_64-pc-linux-gnu/10.3.0/../../../../lib64] ==> dir [/afs/psi.ch/sys/psi.merlin/Programming/gcc/10.3.0/bin/../lib/gcc/x86_64-pc-linux-gnu/10.3.0/../../../../lib64]
    arg [-L/lib/../lib64] ==> dir [/lib/../lib64]
    arg [-L/usr/lib/../lib64] ==> dir [/usr/lib/../lib64]
    arg [-L/opt/psi/Programming/gcc/10.3.0/lib64] ==> dir [/opt/psi/Programming/gcc/10.3.0/lib64]
    arg [-L/opt/psi/Programming/gcc/10.3.0/lib] ==> dir [/opt/psi/Programming/gcc/10.3.0/lib]
    arg [-L/opt/psi/Programming/psi-python38/2020.11/lib] ==> dir [/opt/psi/Programming/psi-python38/2020.11/lib]
    arg [-L/afs/psi.ch/sys/psi.merlin/Programming/gcc/10.3.0/bin/../lib/gcc/x86_64-pc-linux-gnu/10.3.0/../../..] ==> dir [/afs/psi.ch/sys/psi.merlin/Programming/gcc/10.3.0/bin/../lib/gcc/x86_64-pc-linux-gnu/10.3.0/../../..]
    arg [CMakeFiles/cmTC_50a88.dir/CMakeCCompilerABI.c.o] ==> ignore
    arg [-lgcc] ==> lib [gcc]
    arg [--as-needed] ==> ignore
    arg [-lgcc_s] ==> lib [gcc_s]
    arg [--no-as-needed] ==> ignore
    arg [-lc] ==> lib [c]
    arg [-lgcc] ==> lib [gcc]
    arg [--as-needed] ==> ignore
    arg [-lgcc_s] ==> lib [gcc_s]
    arg [--no-as-needed] ==> ignore
    arg [/afs/psi.ch/sys/psi.merlin/Programming/gcc/10.3.0/bin/../lib/gcc/x86_64-pc-linux-gnu/10.3.0/crtend.o] ==> ignore
    arg [/lib/../lib64/crtn.o] ==> ignore
  collapse library dir [/afs/psi.ch/sys/psi.merlin/Programming/gcc/10.3.0/bin/../lib/gcc/x86_64-pc-linux-gnu/10.3.0] ==> [/afs/psi.ch/sys/psi.merlin/Programming/gcc/10.3.0/lib/gcc/x86_64-pc-linux-gnu/10.3.0]
  collapse library dir [/afs/psi.ch/sys/psi.merlin/Programming/gcc/10.3.0/bin/../lib/gcc] ==> [/afs/psi.ch/sys/psi.merlin/Programming/gcc/10.3.0/lib/gcc]
  collapse library dir [/opt/psi/Programming/gcc/10.3.0/lib64/../lib64] ==> [/opt/psi/Programming/gcc/10.3.0/lib64]
  collapse library dir [/opt/psi/Programming/gcc/10.3.0/lib/../lib64] ==> [/opt/psi/Programming/gcc/10.3.0/lib64]
  collapse library dir [/afs/psi.ch/sys/psi.merlin/Programming/gcc/10.3.0/bin/../lib/gcc/x86_64-pc-linux-gnu/10.3.0/../../../../lib64] ==> [/afs/psi.ch/sys/psi.merlin/Programming/gcc/10.3.0/lib64]
  collapse library dir [/lib/../lib64] ==> [/lib64]
  collapse library dir [/usr/lib/../lib64] ==> [/usr/lib64]
  collapse library dir [/opt/psi/Programming/gcc/10.3.0/lib64] ==> [/opt/psi/Programming/gcc/10.3.0/lib64]
  collapse library dir [/opt/psi/Programming/gcc/10.3.0/lib] ==> [/opt/psi/Programming/gcc/10.3.0/lib]
  collapse library dir [/opt/psi/Programming/psi-python38/2020.11/lib] ==> [/opt/psi/Programming/psi-python38/2020.11/lib]
  collapse library dir [/afs/psi.ch/sys/psi.merlin/Programming/gcc/10.3.0/bin/../lib/gcc/x86_64-pc-linux-gnu/10.3.0/../../..] ==> [/afs/psi.ch/sys/psi.merlin/Programming/gcc/10.3.0/lib]
  implicit libs: [gcc;gcc_s;c;gcc;gcc_s]
  implicit dirs: [/afs/psi.ch/sys/psi.merlin/Programming/gcc/10.3.0/lib/gcc/x86_64-pc-linux-gnu/10.3.0;/afs/psi.ch/sys/psi.merlin/Programming/gcc/10.3.0/lib/gcc;/opt/psi/Programming/gcc/10.3.0/lib64;/afs/psi.ch/sys/psi.merlin/Programming/gcc/10.3.0/lib64;/lib64;/usr/lib64;/opt/psi/Programming/gcc/10.3.0/lib;/opt/psi/Programming/psi-python38/2020.11/lib;/afs/psi.ch/sys/psi.merlin/Programming/gcc/10.3.0/lib]
  implicit fwks: []




Detecting C [-std=c11] compiler features compiled with the following output:
Change Dir: /meg/home/tomaiu_c/examples/uff/sim/build/CMakeFiles/CMakeTmp

Run Build Command:"/usr/bin/gmake" "cmTC_1f180/fast"
/usr/bin/gmake -f CMakeFiles/cmTC_1f180.dir/build.make CMakeFiles/cmTC_1f180.dir/build
gmake[1]: Entering directory `/meg/home/tomaiu_c/examples/uff/sim/build/CMakeFiles/CMakeTmp'
Building C object CMakeFiles/cmTC_1f180.dir/feature_tests.c.o
/opt/psi/Programming/gcc/10.3.0/bin/gcc   -std=c11 -o CMakeFiles/cmTC_1f180.dir/feature_tests.c.o   -c /meg/home/tomaiu_c/examples/uff/sim/build/CMakeFiles/feature_tests.c
Linking C executable cmTC_1f180
/afs/psi.ch/sys/psi.merlin/Programming/cmake/3.9.6/bin/cmake -E cmake_link_script CMakeFiles/cmTC_1f180.dir/link.txt --verbose=1
/opt/psi/Programming/gcc/10.3.0/bin/gcc      -rdynamic CMakeFiles/cmTC_1f180.dir/feature_tests.c.o  -o cmTC_1f180 
gmake[1]: Leaving directory `/meg/home/tomaiu_c/examples/uff/sim/build/CMakeFiles/CMakeTmp'


    Feature record: C_FEATURE:1c_function_prototypes
    Feature record: C_FEATURE:1c_restrict
    Feature record: C_FEATURE:1c_static_assert
    Feature record: C_FEATURE:1c_variadic_macros


Detecting C [-std=c99] compiler features compiled with the following output:
Change Dir: /meg/home/tomaiu_c/examples/uff/sim/build/CMakeFiles/CMakeTmp

Run Build Command:"/usr/bin/gmake" "cmTC_119ff/fast"
/usr/bin/gmake -f CMakeFiles/cmTC_119ff.dir/build.make CMakeFiles/cmTC_119ff.dir/build
gmake[1]: Entering directory `/meg/home/tomaiu_c/examples/uff/sim/build/CMakeFiles/CMakeTmp'
Building C object CMakeFiles/cmTC_119ff.dir/feature_tests.c.o
/opt/psi/Programming/gcc/10.3.0/bin/gcc   -std=c99 -o CMakeFiles/cmTC_119ff.dir/feature_tests.c.o   -c /meg/home/tomaiu_c/examples/uff/sim/build/CMakeFiles/feature_tests.c
Linking C executable cmTC_119ff
/afs/psi.ch/sys/psi.merlin/Programming/cmake/3.9.6/bin/cmake -E cmake_link_script CMakeFiles/cmTC_119ff.dir/link.txt --verbose=1
/opt/psi/Programming/gcc/10.3.0/bin/gcc      -rdynamic CMakeFiles/cmTC_119ff.dir/feature_tests.c.o  -o cmTC_119ff 
gmake[1]: Leaving directory `/meg/home/tomaiu_c/examples/uff/sim/build/CMakeFiles/CMakeTmp'


    Feature record: C_FEATURE:1c_function_prototypes
    Feature record: C_FEATURE:1c_restrict
    Feature record: C_FEATURE:0c_static_assert
    Feature record: C_FEATURE:1c_variadic_macros


Detecting C [-std=c90] compiler features compiled with the following output:
Change Dir: /meg/home/tomaiu_c/examples/uff/sim/build/CMakeFiles/CMakeTmp

Run Build Command:"/usr/bin/gmake" "cmTC_b2da1/fast"
/usr/bin/gmake -f CMakeFiles/cmTC_b2da1.dir/build.make CMakeFiles/cmTC_b2da1.dir/build
gmake[1]: Entering directory `/meg/home/tomaiu_c/examples/uff/sim/build/CMakeFiles/CMakeTmp'
Building C object CMakeFiles/cmTC_b2da1.dir/feature_tests.c.o
/opt/psi/Programming/gcc/10.3.0/bin/gcc   -std=c90 -o CMakeFiles/cmTC_b2da1.dir/feature_tests.c.o   -c /meg/home/tomaiu_c/examples/uff/sim/build/CMakeFiles/feature_tests.c
Linking C executable cmTC_b2da1
/afs/psi.ch/sys/psi.merlin/Programming/cmake/3.9.6/bin/cmake -E cmake_link_script CMakeFiles/cmTC_b2da1.dir/link.txt --verbose=1
/opt/psi/Programming/gcc/10.3.0/bin/gcc      -rdynamic CMakeFiles/cmTC_b2da1.dir/feature_tests.c.o  -o cmTC_b2da1 
gmake[1]: Leaving directory `/meg/home/tomaiu_c/examples/uff/sim/build/CMakeFiles/CMakeTmp'


    Feature record: C_FEATURE:1c_function_prototypes
    Feature record: C_FEATURE:0c_restrict
    Feature record: C_FEATURE:0c_static_assert
    Feature record: C_FEATURE:0c_variadic_macros
Determining if the CXX compiler works passed with the following output:
Change Dir: /meg/home/tomaiu_c/examples/uff/sim/build/CMakeFiles/CMakeTmp

Run Build Command:"/usr/bin/gmake" "cmTC_d6c25/fast"
/usr/bin/gmake -f CMakeFiles/cmTC_d6c25.dir/build.make CMakeFiles/cmTC_d6c25.dir/build
gmake[1]: Entering directory `/meg/home/tomaiu_c/examples/uff/sim/build/CMakeFiles/CMakeTmp'
Building CXX object CMakeFiles/cmTC_d6c25.dir/testCXXCompiler.cxx.o
/opt/psi/Programming/gcc/10.3.0/bin/g++     -o CMakeFiles/cmTC_d6c25.dir/testCXXCompiler.cxx.o -c /meg/home/tomaiu_c/examples/uff/sim/build/CMakeFiles/CMakeTmp/testCXXCompiler.cxx
Linking CXX executable cmTC_d6c25
/afs/psi.ch/sys/psi.merlin/Programming/cmake/3.9.6/bin/cmake -E cmake_link_script CMakeFiles/cmTC_d6c25.dir/link.txt --verbose=1
/opt/psi/Programming/gcc/10.3.0/bin/g++       -rdynamic CMakeFiles/cmTC_d6c25.dir/testCXXCompiler.cxx.o  -o cmTC_d6c25 
gmake[1]: Leaving directory `/meg/home/tomaiu_c/examples/uff/sim/build/CMakeFiles/CMakeTmp'


Detecting CXX compiler ABI info compiled with the following output:
Change Dir: /meg/home/tomaiu_c/examples/uff/sim/build/CMakeFiles/CMakeTmp

Run Build Command:"/usr/bin/gmake" "cmTC_61cea/fast"
/usr/bin/gmake -f CMakeFiles/cmTC_61cea.dir/build.make CMakeFiles/cmTC_61cea.dir/build
gmake[1]: Entering directory `/meg/home/tomaiu_c/examples/uff/sim/build/CMakeFiles/CMakeTmp'
Building CXX object CMakeFiles/cmTC_61cea.dir/CMakeCXXCompilerABI.cpp.o
/opt/psi/Programming/gcc/10.3.0/bin/g++     -o CMakeFiles/cmTC_61cea.dir/CMakeCXXCompilerABI.cpp.o -c /afs/psi.ch/sys/psi.merlin/Programming/cmake/3.9.6/share/cmake-3.9/Modules/CMakeCXXCompilerABI.cpp
Linking CXX executable cmTC_61cea
/afs/psi.ch/sys/psi.merlin/Programming/cmake/3.9.6/bin/cmake -E cmake_link_script CMakeFiles/cmTC_61cea.dir/link.txt --verbose=1
/opt/psi/Programming/gcc/10.3.0/bin/g++      -v -rdynamic CMakeFiles/cmTC_61cea.dir/CMakeCXXCompilerABI.cpp.o  -o cmTC_61cea 
Using built-in specs.
COLLECT_GCC=/opt/psi/Programming/gcc/10.3.0/bin/g++
COLLECT_LTO_WRAPPER=/afs/psi.ch/sys/psi.merlin/Programming/gcc/10.3.0/bin/../libexec/gcc/x86_64-pc-linux-gnu/10.3.0/lto-wrapper
Target: x86_64-pc-linux-gnu
Configured with: /var/tmp/gsell/gcc-10.3.0/src/configure --prefix=/opt/psi/Programming/gcc/10.3.0 --enable-languages=c,c++,objc,obj-c++,lto,fortran,go --with-gmp=/opt/psi/Libraries/gmp/6.2.1 --with-mpfr=/opt/psi/Libraries/mpfr/4.1.0 --with-mpc=/opt/psi/Libraries/mpc/1.2.1 --enable-lto --disable-multilib --with-pkgversion=''\''PSI Environment Module'\''' --with-build-config=bootstrap-debug
Thread model: posix
Supported LTO compression algorithms: zlib
gcc version 10.3.0 ('PSI Environment Module') 
COMPILER_PATH=/afs/psi.ch/sys/psi.merlin/Programming/gcc/10.3.0/bin/../libexec/gcc/x86_64-pc-linux-gnu/10.3.0/:/afs/psi.ch/sys/psi.merlin/Programming/gcc/10.3.0/bin/../libexec/gcc/
LIBRARY_PATH=/afs/psi.ch/sys/psi.merlin/Programming/gcc/10.3.0/bin/../lib/gcc/x86_64-pc-linux-gnu/10.3.0/:/afs/psi.ch/sys/psi.merlin/Programming/gcc/10.3.0/bin/../lib/gcc/:/opt/psi/Programming/gcc/10.3.0/lib64/../lib64/:/opt/psi/Programming/gcc/10.3.0/lib/../lib64/:/afs/psi.ch/sys/psi.merlin/Programming/gcc/10.3.0/bin/../lib/gcc/x86_64-pc-linux-gnu/10.3.0/../../../../lib64/:/lib/../lib64/:/usr/lib/../lib64/:/opt/psi/Programming/gcc/10.3.0/lib64/:/opt/psi/Programming/gcc/10.3.0/lib/:/opt/psi/Programming/psi-python38/2020.11/lib/:/afs/psi.ch/sys/psi.merlin/Programming/gcc/10.3.0/bin/../lib/gcc/x86_64-pc-linux-gnu/10.3.0/../../../:/lib/:/usr/lib/
COLLECT_GCC_OPTIONS='-v' '-rdynamic' '-o' 'cmTC_61cea' '-shared-libgcc' '-mtune=generic' '-march=x86-64'
 /afs/psi.ch/sys/psi.merlin/Programming/gcc/10.3.0/bin/../libexec/gcc/x86_64-pc-linux-gnu/10.3.0/collect2 --eh-frame-hdr -m elf_x86_64 -export-dynamic -dynamic-linker /lib64/ld-linux-x86-64.so.2 -o cmTC_61cea /lib/../lib64/crt1.o /lib/../lib64/crti.o /afs/psi.ch/sys/psi.merlin/Programming/gcc/10.3.0/bin/../lib/gcc/x86_64-pc-linux-gnu/10.3.0/crtbegin.o -L/afs/psi.ch/sys/psi.merlin/Programming/gcc/10.3.0/bin/../lib/gcc/x86_64-pc-linux-gnu/10.3.0 -L/afs/psi.ch/sys/psi.merlin/Programming/gcc/10.3.0/bin/../lib/gcc -L/opt/psi/Programming/gcc/10.3.0/lib64/../lib64 -L/opt/psi/Programming/gcc/10.3.0/lib/../lib64 -L/afs/psi.ch/sys/psi.merlin/Programming/gcc/10.3.0/bin/../lib/gcc/x86_64-pc-linux-gnu/10.3.0/../../../../lib64 -L/lib/../lib64 -L/usr/lib/../lib64 -L/opt/psi/Programming/gcc/10.3.0/lib64 -L/opt/psi/Programming/gcc/10.3.0/lib -L/opt/psi/Programming/psi-python38/2020.11/lib -L/afs/psi.ch/sys/psi.merlin/Programming/gcc/10.3.0/bin/../lib/gcc/x86_64-pc-linux-gnu/10.3.0/../../.. CMakeFiles/cmTC_61cea.dir/CMakeCXXCompilerABI.cpp.o -lstdc++ -lm -lgcc_s -lgcc -lc -lgcc_s -lgcc /afs/psi.ch/sys/psi.merlin/Programming/gcc/10.3.0/bin/../lib/gcc/x86_64-pc-linux-gnu/10.3.0/crtend.o /lib/../lib64/crtn.o
COLLECT_GCC_OPTIONS='-v' '-rdynamic' '-o' 'cmTC_61cea' '-shared-libgcc' '-mtune=generic' '-march=x86-64'
gmake[1]: Leaving directory `/meg/home/tomaiu_c/examples/uff/sim/build/CMakeFiles/CMakeTmp'


Parsed CXX implicit link information from above output:
  link line regex: [^( *|.*[/\])(ld|CMAKE_LINK_STARTFILE-NOTFOUND|([^/\]+-)?ld|collect2)[^/\]*( |$)]
  ignore line: [Change Dir: /meg/home/tomaiu_c/examples/uff/sim/build/CMakeFiles/CMakeTmp]
  ignore line: []
  ignore line: [Run Build Command:"/usr/bin/gmake" "cmTC_61cea/fast"]
  ignore line: [/usr/bin/gmake -f CMakeFiles/cmTC_61cea.dir/build.make CMakeFiles/cmTC_61cea.dir/build]
  ignore line: [gmake[1]: Entering directory `/meg/home/tomaiu_c/examples/uff/sim/build/CMakeFiles/CMakeTmp']
  ignore line: [Building CXX object CMakeFiles/cmTC_61cea.dir/CMakeCXXCompilerABI.cpp.o]
  ignore line: [/opt/psi/Programming/gcc/10.3.0/bin/g++     -o CMakeFiles/cmTC_61cea.dir/CMakeCXXCompilerABI.cpp.o -c /afs/psi.ch/sys/psi.merlin/Programming/cmake/3.9.6/share/cmake-3.9/Modules/CMakeCXXCompilerABI.cpp]
  ignore line: [Linking CXX executable cmTC_61cea]
  ignore line: [/afs/psi.ch/sys/psi.merlin/Programming/cmake/3.9.6/bin/cmake -E cmake_link_script CMakeFiles/cmTC_61cea.dir/link.txt --verbose=1]
  ignore line: [/opt/psi/Programming/gcc/10.3.0/bin/g++      -v -rdynamic CMakeFiles/cmTC_61cea.dir/CMakeCXXCompilerABI.cpp.o  -o cmTC_61cea ]
  ignore line: [Using built-in specs.]
  ignore line: [COLLECT_GCC=/opt/psi/Programming/gcc/10.3.0/bin/g++]
  ignore line: [COLLECT_LTO_WRAPPER=/afs/psi.ch/sys/psi.merlin/Programming/gcc/10.3.0/bin/../libexec/gcc/x86_64-pc-linux-gnu/10.3.0/lto-wrapper]
  ignore line: [Target: x86_64-pc-linux-gnu]
  ignore line: [Configured with: /var/tmp/gsell/gcc-10.3.0/src/configure --prefix=/opt/psi/Programming/gcc/10.3.0 --enable-languages=c,c++,objc,obj-c++,lto,fortran,go --with-gmp=/opt/psi/Libraries/gmp/6.2.1 --with-mpfr=/opt/psi/Libraries/mpfr/4.1.0 --with-mpc=/opt/psi/Libraries/mpc/1.2.1 --enable-lto --disable-multilib --with-pkgversion=''\''PSI Environment Module'\''' --with-build-config=bootstrap-debug]
  ignore line: [Thread model: posix]
  ignore line: [Supported LTO compression algorithms: zlib]
  ignore line: [gcc version 10.3.0 ('PSI Environment Module') ]
  ignore line: [COMPILER_PATH=/afs/psi.ch/sys/psi.merlin/Programming/gcc/10.3.0/bin/../libexec/gcc/x86_64-pc-linux-gnu/10.3.0/:/afs/psi.ch/sys/psi.merlin/Programming/gcc/10.3.0/bin/../libexec/gcc/]
  ignore line: [LIBRARY_PATH=/afs/psi.ch/sys/psi.merlin/Programming/gcc/10.3.0/bin/../lib/gcc/x86_64-pc-linux-gnu/10.3.0/:/afs/psi.ch/sys/psi.merlin/Programming/gcc/10.3.0/bin/../lib/gcc/:/opt/psi/Programming/gcc/10.3.0/lib64/../lib64/:/opt/psi/Programming/gcc/10.3.0/lib/../lib64/:/afs/psi.ch/sys/psi.merlin/Programming/gcc/10.3.0/bin/../lib/gcc/x86_64-pc-linux-gnu/10.3.0/../../../../lib64/:/lib/../lib64/:/usr/lib/../lib64/:/opt/psi/Programming/gcc/10.3.0/lib64/:/opt/psi/Programming/gcc/10.3.0/lib/:/opt/psi/Programming/psi-python38/2020.11/lib/:/afs/psi.ch/sys/psi.merlin/Programming/gcc/10.3.0/bin/../lib/gcc/x86_64-pc-linux-gnu/10.3.0/../../../:/lib/:/usr/lib/]
  ignore line: [COLLECT_GCC_OPTIONS='-v' '-rdynamic' '-o' 'cmTC_61cea' '-shared-libgcc' '-mtune=generic' '-march=x86-64']
  link line: [ /afs/psi.ch/sys/psi.merlin/Programming/gcc/10.3.0/bin/../libexec/gcc/x86_64-pc-linux-gnu/10.3.0/collect2 --eh-frame-hdr -m elf_x86_64 -export-dynamic -dynamic-linker /lib64/ld-linux-x86-64.so.2 -o cmTC_61cea /lib/../lib64/crt1.o /lib/../lib64/crti.o /afs/psi.ch/sys/psi.merlin/Programming/gcc/10.3.0/bin/../lib/gcc/x86_64-pc-linux-gnu/10.3.0/crtbegin.o -L/afs/psi.ch/sys/psi.merlin/Programming/gcc/10.3.0/bin/../lib/gcc/x86_64-pc-linux-gnu/10.3.0 -L/afs/psi.ch/sys/psi.merlin/Programming/gcc/10.3.0/bin/../lib/gcc -L/opt/psi/Programming/gcc/10.3.0/lib64/../lib64 -L/opt/psi/Programming/gcc/10.3.0/lib/../lib64 -L/afs/psi.ch/sys/psi.merlin/Programming/gcc/10.3.0/bin/../lib/gcc/x86_64-pc-linux-gnu/10.3.0/../../../../lib64 -L/lib/../lib64 -L/usr/lib/../lib64 -L/opt/psi/Programming/gcc/10.3.0/lib64 -L/opt/psi/Programming/gcc/10.3.0/lib -L/opt/psi/Programming/psi-python38/2020.11/lib -L/afs/psi.ch/sys/psi.merlin/Programming/gcc/10.3.0/bin/../lib/gcc/x86_64-pc-linux-gnu/10.3.0/../../.. CMakeFiles/cmTC_61cea.dir/CMakeCXXCompilerABI.cpp.o -lstdc++ -lm -lgcc_s -lgcc -lc -lgcc_s -lgcc /afs/psi.ch/sys/psi.merlin/Programming/gcc/10.3.0/bin/../lib/gcc/x86_64-pc-linux-gnu/10.3.0/crtend.o /lib/../lib64/crtn.o]
    arg [/afs/psi.ch/sys/psi.merlin/Programming/gcc/10.3.0/bin/../libexec/gcc/x86_64-pc-linux-gnu/10.3.0/collect2] ==> ignore
    arg [--eh-frame-hdr] ==> ignore
    arg [-m] ==> ignore
    arg [elf_x86_64] ==> ignore
    arg [-export-dynamic] ==> ignore
    arg [-dynamic-linker] ==> ignore
    arg [/lib64/ld-linux-x86-64.so.2] ==> ignore
    arg [-o] ==> ignore
    arg [cmTC_61cea] ==> ignore
    arg [/lib/../lib64/crt1.o] ==> ignore
    arg [/lib/../lib64/crti.o] ==> ignore
    arg [/afs/psi.ch/sys/psi.merlin/Programming/gcc/10.3.0/bin/../lib/gcc/x86_64-pc-linux-gnu/10.3.0/crtbegin.o] ==> ignore
    arg [-L/afs/psi.ch/sys/psi.merlin/Programming/gcc/10.3.0/bin/../lib/gcc/x86_64-pc-linux-gnu/10.3.0] ==> dir [/afs/psi.ch/sys/psi.merlin/Programming/gcc/10.3.0/bin/../lib/gcc/x86_64-pc-linux-gnu/10.3.0]
    arg [-L/afs/psi.ch/sys/psi.merlin/Programming/gcc/10.3.0/bin/../lib/gcc] ==> dir [/afs/psi.ch/sys/psi.merlin/Programming/gcc/10.3.0/bin/../lib/gcc]
    arg [-L/opt/psi/Programming/gcc/10.3.0/lib64/../lib64] ==> dir [/opt/psi/Programming/gcc/10.3.0/lib64/../lib64]
    arg [-L/opt/psi/Programming/gcc/10.3.0/lib/../lib64] ==> dir [/opt/psi/Programming/gcc/10.3.0/lib/../lib64]
    arg [-L/afs/psi.ch/sys/psi.merlin/Programming/gcc/10.3.0/bin/../lib/gcc/x86_64-pc-linux-gnu/10.3.0/../../../../lib64] ==> dir [/afs/psi.ch/sys/psi.merlin/Programming/gcc/10.3.0/bin/../lib/gcc/x86_64-pc-linux-gnu/10.3.0/../../../../lib64]
    arg [-L/lib/../lib64] ==> dir [/lib/../lib64]
    arg [-L/usr/lib/../lib64] ==> dir [/usr/lib/../lib64]
    arg [-L/opt/psi/Programming/gcc/10.3.0/lib64] ==> dir [/opt/psi/Programming/gcc/10.3.0/lib64]
    arg [-L/opt/psi/Programming/gcc/10.3.0/lib] ==> dir [/opt/psi/Programming/gcc/10.3.0/lib]
    arg [-L/opt/psi/Programming/psi-python38/2020.11/lib] ==> dir [/opt/psi/Programming/psi-python38/2020.11/lib]
    arg [-L/afs/psi.ch/sys/psi.merlin/Programming/gcc/10.3.0/bin/../lib/gcc/x86_64-pc-linux-gnu/10.3.0/../../..] ==> dir [/afs/psi.ch/sys/psi.merlin/Programming/gcc/10.3.0/bin/../lib/gcc/x86_64-pc-linux-gnu/10.3.0/../../..]
    arg [CMakeFiles/cmTC_61cea.dir/CMakeCXXCompilerABI.cpp.o] ==> ignore
    arg [-lstdc++] ==> lib [stdc++]
    arg [-lm] ==> lib [m]
    arg [-lgcc_s] ==> lib [gcc_s]
    arg [-lgcc] ==> lib [gcc]
    arg [-lc] ==> lib [c]
    arg [-lgcc_s] ==> lib [gcc_s]
    arg [-lgcc] ==> lib [gcc]
    arg [/afs/psi.ch/sys/psi.merlin/Programming/gcc/10.3.0/bin/../lib/gcc/x86_64-pc-linux-gnu/10.3.0/crtend.o] ==> ignore
    arg [/lib/../lib64/crtn.o] ==> ignore
  collapse library dir [/afs/psi.ch/sys/psi.merlin/Programming/gcc/10.3.0/bin/../lib/gcc/x86_64-pc-linux-gnu/10.3.0] ==> [/afs/psi.ch/sys/psi.merlin/Programming/gcc/10.3.0/lib/gcc/x86_64-pc-linux-gnu/10.3.0]
  collapse library dir [/afs/psi.ch/sys/psi.merlin/Programming/gcc/10.3.0/bin/../lib/gcc] ==> [/afs/psi.ch/sys/psi.merlin/Programming/gcc/10.3.0/lib/gcc]
  collapse library dir [/opt/psi/Programming/gcc/10.3.0/lib64/../lib64] ==> [/opt/psi/Programming/gcc/10.3.0/lib64]
  collapse library dir [/opt/psi/Programming/gcc/10.3.0/lib/../lib64] ==> [/opt/psi/Programming/gcc/10.3.0/lib64]
  collapse library dir [/afs/psi.ch/sys/psi.merlin/Programming/gcc/10.3.0/bin/../lib/gcc/x86_64-pc-linux-gnu/10.3.0/../../../../lib64] ==> [/afs/psi.ch/sys/psi.merlin/Programming/gcc/10.3.0/lib64]
  collapse library dir [/lib/../lib64] ==> [/lib64]
  collapse library dir [/usr/lib/../lib64] ==> [/usr/lib64]
  collapse library dir [/opt/psi/Programming/gcc/10.3.0/lib64] ==> [/opt/psi/Programming/gcc/10.3.0/lib64]
  collapse library dir [/opt/psi/Programming/gcc/10.3.0/lib] ==> [/opt/psi/Programming/gcc/10.3.0/lib]
  collapse library dir [/opt/psi/Programming/psi-python38/2020.11/lib] ==> [/opt/psi/Programming/psi-python38/2020.11/lib]
  collapse library dir [/afs/psi.ch/sys/psi.merlin/Programming/gcc/10.3.0/bin/../lib/gcc/x86_64-pc-linux-gnu/10.3.0/../../..] ==> [/afs/psi.ch/sys/psi.merlin/Programming/gcc/10.3.0/lib]
  implicit libs: [stdc++;m;gcc_s;gcc;c;gcc_s;gcc]
  implicit dirs: [/afs/psi.ch/sys/psi.merlin/Programming/gcc/10.3.0/lib/gcc/x86_64-pc-linux-gnu/10.3.0;/afs/psi.ch/sys/psi.merlin/Programming/gcc/10.3.0/lib/gcc;/opt/psi/Programming/gcc/10.3.0/lib64;/afs/psi.ch/sys/psi.merlin/Programming/gcc/10.3.0/lib64;/lib64;/usr/lib64;/opt/psi/Programming/gcc/10.3.0/lib;/opt/psi/Programming/psi-python38/2020.11/lib;/afs/psi.ch/sys/psi.merlin/Programming/gcc/10.3.0/lib]
  implicit fwks: []




Detecting CXX [-std=c++1z] compiler features compiled with the following output:
Change Dir: /meg/home/tomaiu_c/examples/uff/sim/build/CMakeFiles/CMakeTmp

Run Build Command:"/usr/bin/gmake" "cmTC_d2ae5/fast"
/usr/bin/gmake -f CMakeFiles/cmTC_d2ae5.dir/build.make CMakeFiles/cmTC_d2ae5.dir/build
gmake[1]: Entering directory `/meg/home/tomaiu_c/examples/uff/sim/build/CMakeFiles/CMakeTmp'
Building CXX object CMakeFiles/cmTC_d2ae5.dir/feature_tests.cxx.o
/opt/psi/Programming/gcc/10.3.0/bin/g++    -std=c++1z -o CMakeFiles/cmTC_d2ae5.dir/feature_tests.cxx.o -c /meg/home/tomaiu_c/examples/uff/sim/build/CMakeFiles/feature_tests.cxx
Linking CXX executable cmTC_d2ae5
/afs/psi.ch/sys/psi.merlin/Programming/cmake/3.9.6/bin/cmake -E cmake_link_script CMakeFiles/cmTC_d2ae5.dir/link.txt --verbose=1
/opt/psi/Programming/gcc/10.3.0/bin/g++       -rdynamic CMakeFiles/cmTC_d2ae5.dir/feature_tests.cxx.o  -o cmTC_d2ae5 
gmake[1]: Leaving directory `/meg/home/tomaiu_c/examples/uff/sim/build/CMakeFiles/CMakeTmp'


    Feature record: CXX_FEATURE:1cxx_aggregate_default_initializers
    Feature record: CXX_FEATURE:1cxx_alias_templates
    Feature record: CXX_FEATURE:1cxx_alignas
    Feature record: CXX_FEATURE:1cxx_alignof
    Feature record: CXX_FEATURE:1cxx_attributes
    Feature record: CXX_FEATURE:1cxx_attribute_deprecated
    Feature record: CXX_FEATURE:1cxx_auto_type
    Feature record: CXX_FEATURE:1cxx_binary_literals
    Feature record: CXX_FEATURE:1cxx_constexpr
    Feature record: CXX_FEATURE:1cxx_contextual_conversions
    Feature record: CXX_FEATURE:1cxx_decltype
    Feature record: CXX_FEATURE:1cxx_decltype_auto
    Feature record: CXX_FEATURE:1cxx_decltype_incomplete_return_types
    Feature record: CXX_FEATURE:1cxx_default_function_template_args
    Feature record: CXX_FEATURE:1cxx_defaulted_functions
    Feature record: CXX_FEATURE:1cxx_defaulted_move_initializers
    Feature record: CXX_FEATURE:1cxx_delegating_constructors
    Feature record: CXX_FEATURE:1cxx_deleted_functions
    Feature record: CXX_FEATURE:1cxx_digit_separators
    Feature record: CXX_FEATURE:1cxx_enum_forward_declarations
    Feature record: CXX_FEATURE:1cxx_explicit_conversions
    Feature record: CXX_FEATURE:1cxx_extended_friend_declarations
    Feature record: CXX_FEATURE:1cxx_extern_templates
    Feature record: CXX_FEATURE:1cxx_final
    Feature record: CXX_FEATURE:1cxx_func_identifier
    Feature record: CXX_FEATURE:1cxx_generalized_initializers
    Feature record: CXX_FEATURE:1cxx_generic_lambdas
    Feature record: CXX_FEATURE:1cxx_inheriting_constructors
    Feature record: CXX_FEATURE:1cxx_inline_namespaces
    Feature record: CXX_FEATURE:1cxx_lambdas
    Feature record: CXX_FEATURE:1cxx_lambda_init_captures
    Feature record: CXX_FEATURE:1cxx_local_type_template_args
    Feature record: CXX_FEATURE:1cxx_long_long_type
    Feature record: CXX_FEATURE:1cxx_noexcept
    Feature record: CXX_FEATURE:1cxx_nonstatic_member_init
    Feature record: CXX_FEATURE:1cxx_nullptr
    Feature record: CXX_FEATURE:1cxx_override
    Feature record: CXX_FEATURE:1cxx_range_for
    Feature record: CXX_FEATURE:1cxx_raw_string_literals
    Feature record: CXX_FEATURE:1cxx_reference_qualified_functions
    Feature record: CXX_FEATURE:1cxx_relaxed_constexpr
    Feature record: CXX_FEATURE:1cxx_return_type_deduction
    Feature record: CXX_FEATURE:1cxx_right_angle_brackets
    Feature record: CXX_FEATURE:1cxx_rvalue_references
    Feature record: CXX_FEATURE:1cxx_sizeof_member
    Feature record: CXX_FEATURE:1cxx_static_assert
    Feature record: CXX_FEATURE:1cxx_strong_enums
    Feature record: CXX_FEATURE:1cxx_template_template_parameters
    Feature record: CXX_FEATURE:1cxx_thread_local
    Feature record: CXX_FEATURE:1cxx_trailing_return_types
    Feature record: CXX_FEATURE:1cxx_unicode_literals
    Feature record: CXX_FEATURE:1cxx_uniform_initialization
    Feature record: CXX_FEATURE:1cxx_unrestricted_unions
    Feature record: CXX_FEATURE:1cxx_user_literals
    Feature record: CXX_FEATURE:1cxx_variable_templates
    Feature record: CXX_FEATURE:1cxx_variadic_macros
    Feature record: CXX_FEATURE:1cxx_variadic_templates


Detecting CXX [-std=c++14] compiler features compiled with the following output:
Change Dir: /meg/home/tomaiu_c/examples/uff/sim/build/CMakeFiles/CMakeTmp

Run Build Command:"/usr/bin/gmake" "cmTC_afd76/fast"
/usr/bin/gmake -f CMakeFiles/cmTC_afd76.dir/build.make CMakeFiles/cmTC_afd76.dir/build
gmake[1]: Entering directory `/meg/home/tomaiu_c/examples/uff/sim/build/CMakeFiles/CMakeTmp'
Building CXX object CMakeFiles/cmTC_afd76.dir/feature_tests.cxx.o
/opt/psi/Programming/gcc/10.3.0/bin/g++    -std=c++14 -o CMakeFiles/cmTC_afd76.dir/feature_tests.cxx.o -c /meg/home/tomaiu_c/examples/uff/sim/build/CMakeFiles/feature_tests.cxx
Linking CXX executable cmTC_afd76
/afs/psi.ch/sys/psi.merlin/Programming/cmake/3.9.6/bin/cmake -E cmake_link_script CMakeFiles/cmTC_afd76.dir/link.txt --verbose=1
/opt/psi/Programming/gcc/10.3.0/bin/g++       -rdynamic CMakeFiles/cmTC_afd76.dir/feature_tests.cxx.o  -o cmTC_afd76 
gmake[1]: Leaving directory `/meg/home/tomaiu_c/examples/uff/sim/build/CMakeFiles/CMakeTmp'


    Feature record: CXX_FEATURE:1cxx_aggregate_default_initializers
    Feature record: CXX_FEATURE:1cxx_alias_templates
    Feature record: CXX_FEATURE:1cxx_alignas
    Feature record: CXX_FEATURE:1cxx_alignof
    Feature record: CXX_FEATURE:1cxx_attributes
    Feature record: CXX_FEATURE:1cxx_attribute_deprecated
    Feature record: CXX_FEATURE:1cxx_auto_type
    Feature record: CXX_FEATURE:1cxx_binary_literals
    Feature record: CXX_FEATURE:1cxx_constexpr
    Feature record: CXX_FEATURE:1cxx_contextual_conversions
    Feature record: CXX_FEATURE:1cxx_decltype
    Feature record: CXX_FEATURE:1cxx_decltype_auto
    Feature record: CXX_FEATURE:1cxx_decltype_incomplete_return_types
    Feature record: CXX_FEATURE:1cxx_default_function_template_args
    Feature record: CXX_FEATURE:1cxx_defaulted_functions
    Feature record: CXX_FEATURE:1cxx_defaulted_move_initializers
    Feature record: CXX_FEATURE:1cxx_delegating_constructors
    Feature record: CXX_FEATURE:1cxx_deleted_functions
    Feature record: CXX_FEATURE:1cxx_digit_separators
    Feature record: CXX_FEATURE:1cxx_enum_forward_declarations
    Feature record: CXX_FEATURE:1cxx_explicit_conversions
    Feature record: CXX_FEATURE:1cxx_extended_friend_declarations
    Feature record: CXX_FEATURE:1cxx_extern_templates
    Feature record: CXX_FEATURE:1cxx_final
    Feature record: CXX_FEATURE:1cxx_func_identifier
    Feature record: CXX_FEATURE:1cxx_generalized_initializers
    Feature record: CXX_FEATURE:1cxx_generic_lambdas
    Feature record: CXX_FEATURE:1cxx_inheriting_constructors
    Feature record: CXX_FEATURE:1cxx_inline_namespaces
    Feature record: CXX_FEATURE:1cxx_lambdas
    Feature record: CXX_FEATURE:1cxx_lambda_init_captures
    Feature record: CXX_FEATURE:1cxx_local_type_template_args
    Feature record: CXX_FEATURE:1cxx_long_long_type
    Feature record: CXX_FEATURE:1cxx_noexcept
    Feature record: CXX_FEATURE:1cxx_nonstatic_member_init
    Feature record: CXX_FEATURE:1cxx_nullptr
    Feature record: CXX_FEATURE:1cxx_override
    Feature record: CXX_FEATURE:1cxx_range_for
    Feature record: CXX_FEATURE:1cxx_raw_string_literals
    Feature record: CXX_FEATURE:1cxx_reference_qualified_functions
    Feature record: CXX_FEATURE:1cxx_relaxed_constexpr
    Feature record: CXX_FEATURE:1cxx_return_type_deduction
    Feature record: CXX_FEATURE:1cxx_right_angle_brackets
    Feature record: CXX_FEATURE:1cxx_rvalue_references
    Feature record: CXX_FEATURE:1cxx_sizeof_member
    Feature record: CXX_FEATURE:1cxx_static_assert
    Feature record: CXX_FEATURE:1cxx_strong_enums
    Feature record: CXX_FEATURE:1cxx_template_template_parameters
    Feature record: CXX_FEATURE:1cxx_thread_local
    Feature record: CXX_FEATURE:1cxx_trailing_return_types
    Feature record: CXX_FEATURE:1cxx_unicode_literals
    Feature record: CXX_FEATURE:1cxx_uniform_initialization
    Feature record: CXX_FEATURE:1cxx_unrestricted_unions
    Feature record: CXX_FEATURE:1cxx_user_literals
    Feature record: CXX_FEATURE:1cxx_variable_templates
    Feature record: CXX_FEATURE:1cxx_variadic_macros
    Feature record: CXX_FEATURE:1cxx_variadic_templates


Detecting CXX [-std=c++11] compiler features compiled with the following output:
Change Dir: /meg/home/tomaiu_c/examples/uff/sim/build/CMakeFiles/CMakeTmp

Run Build Command:"/usr/bin/gmake" "cmTC_37e48/fast"
/usr/bin/gmake -f CMakeFiles/cmTC_37e48.dir/build.make CMakeFiles/cmTC_37e48.dir/build
gmake[1]: Entering directory `/meg/home/tomaiu_c/examples/uff/sim/build/CMakeFiles/CMakeTmp'
Building CXX object CMakeFiles/cmTC_37e48.dir/feature_tests.cxx.o
/opt/psi/Programming/gcc/10.3.0/bin/g++    -std=c++11 -o CMakeFiles/cmTC_37e48.dir/feature_tests.cxx.o -c /meg/home/tomaiu_c/examples/uff/sim/build/CMakeFiles/feature_tests.cxx
Linking CXX executable cmTC_37e48
/afs/psi.ch/sys/psi.merlin/Programming/cmake/3.9.6/bin/cmake -E cmake_link_script CMakeFiles/cmTC_37e48.dir/link.txt --verbose=1
/opt/psi/Programming/gcc/10.3.0/bin/g++       -rdynamic CMakeFiles/cmTC_37e48.dir/feature_tests.cxx.o  -o cmTC_37e48 
gmake[1]: Leaving directory `/meg/home/tomaiu_c/examples/uff/sim/build/CMakeFiles/CMakeTmp'


    Feature record: CXX_FEATURE:0cxx_aggregate_default_initializers
    Feature record: CXX_FEATURE:1cxx_alias_templates
    Feature record: CXX_FEATURE:1cxx_alignas
    Feature record: CXX_FEATURE:1cxx_alignof
    Feature record: CXX_FEATURE:1cxx_attributes
    Feature record: CXX_FEATURE:0cxx_attribute_deprecated
    Feature record: CXX_FEATURE:1cxx_auto_type
    Feature record: CXX_FEATURE:0cxx_binary_literals
    Feature record: CXX_FEATURE:1cxx_constexpr
    Feature record: CXX_FEATURE:0cxx_contextual_conversions
    Feature record: CXX_FEATURE:1cxx_decltype
    Feature record: CXX_FEATURE:0cxx_decltype_auto
    Feature record: CXX_FEATURE:1cxx_decltype_incomplete_return_types
    Feature record: CXX_FEATURE:1cxx_default_function_template_args
    Feature record: CXX_FEATURE:1cxx_defaulted_functions
    Feature record: CXX_FEATURE:1cxx_defaulted_move_initializers
    Feature record: CXX_FEATURE:1cxx_delegating_constructors
    Feature record: CXX_FEATURE:1cxx_deleted_functions
    Feature record: CXX_FEATURE:0cxx_digit_separators
    Feature record: CXX_FEATURE:1cxx_enum_forward_declarations
    Feature record: CXX_FEATURE:1cxx_explicit_conversions
    Feature record: CXX_FEATURE:1cxx_extended_friend_declarations
    Feature record: CXX_FEATURE:1cxx_extern_templates
    Feature record: CXX_FEATURE:1cxx_final
    Feature record: CXX_FEATURE:1cxx_func_identifier
    Feature record: CXX_FEATURE:1cxx_generalized_initializers
    Feature record: CXX_FEATURE:0cxx_generic_lambdas
    Feature record: CXX_FEATURE:1cxx_inheriting_constructors
    Feature record: CXX_FEATURE:1cxx_inline_namespaces
    Feature record: CXX_FEATURE:1cxx_lambdas
    Feature record: CXX_FEATURE:0cxx_lambda_init_captures
    Feature record: CXX_FEATURE:1cxx_local_type_template_args
    Feature record: CXX_FEATURE:1cxx_long_long_type
    Feature record: CXX_FEATURE:1cxx_noexcept
    Feature record: CXX_FEATURE:1cxx_nonstatic_member_init
    Feature record: CXX_FEATURE:1cxx_nullptr
    Feature record: CXX_FEATURE:1cxx_override
    Feature record: CXX_FEATURE:1cxx_range_for
    Feature record: CXX_FEATURE:1cxx_raw_string_literals
    Feature record: CXX_FEATURE:1cxx_reference_qualified_functions
    Feature record: CXX_FEATURE:0cxx_relaxed_constexpr
    Feature record: CXX_FEATURE:0cxx_return_type_deduction
    Feature record: CXX_FEATURE:1cxx_right_angle_brackets
    Feature record: CXX_FEATURE:1cxx_rvalue_references
    Feature record: CXX_FEATURE:1cxx_sizeof_member
    Feature record: CXX_FEATURE:1cxx_static_assert
    Feature record: CXX_FEATURE:1cxx_strong_enums
    Feature record: CXX_FEATURE:1cxx_template_template_parameters
    Feature record: CXX_FEATURE:1cxx_thread_local
    Feature record: CXX_FEATURE:1cxx_trailing_return_types
    Feature record: CXX_FEATURE:1cxx_unicode_literals
    Feature record: CXX_FEATURE:1cxx_uniform_initialization
    Feature record: CXX_FEATURE:1cxx_unrestricted_unions
    Feature record: CXX_FEATURE:1cxx_user_literals
    Feature record: CXX_FEATURE:0cxx_variable_templates
    Feature record: CXX_FEATURE:1cxx_variadic_macros
    Feature record: CXX_FEATURE:1cxx_variadic_templates


Detecting CXX [-std=c++98] compiler features compiled with the following output:
Change Dir: /meg/home/tomaiu_c/examples/uff/sim/build/CMakeFiles/CMakeTmp

Run Build Command:"/usr/bin/gmake" "cmTC_d6ba7/fast"
/usr/bin/gmake -f CMakeFiles/cmTC_d6ba7.dir/build.make CMakeFiles/cmTC_d6ba7.dir/build
gmake[1]: Entering directory `/meg/home/tomaiu_c/examples/uff/sim/build/CMakeFiles/CMakeTmp'
Building CXX object CMakeFiles/cmTC_d6ba7.dir/feature_tests.cxx.o
/opt/psi/Programming/gcc/10.3.0/bin/g++    -std=c++98 -o CMakeFiles/cmTC_d6ba7.dir/feature_tests.cxx.o -c /meg/home/tomaiu_c/examples/uff/sim/build/CMakeFiles/feature_tests.cxx
Linking CXX executable cmTC_d6ba7
/afs/psi.ch/sys/psi.merlin/Programming/cmake/3.9.6/bin/cmake -E cmake_link_script CMakeFiles/cmTC_d6ba7.dir/link.txt --verbose=1
/opt/psi/Programming/gcc/10.3.0/bin/g++       -rdynamic CMakeFiles/cmTC_d6ba7.dir/feature_tests.cxx.o  -o cmTC_d6ba7 
gmake[1]: Leaving directory `/meg/home/tomaiu_c/examples/uff/sim/build/CMakeFiles/CMakeTmp'


    Feature record: CXX_FEATURE:0cxx_aggregate_default_initializers
    Feature record: CXX_FEATURE:0cxx_alias_templates
    Feature record: CXX_FEATURE:0cxx_alignas
    Feature record: CXX_FEATURE:0cxx_alignof
    Feature record: CXX_FEATURE:0cxx_attributes
    Feature record: CXX_FEATURE:0cxx_attribute_deprecated
    Feature record: CXX_FEATURE:0cxx_auto_type
    Feature record: CXX_FEATURE:0cxx_binary_literals
    Feature record: CXX_FEATURE:0cxx_constexpr
    Feature record: CXX_FEATURE:0cxx_contextual_conversions
    Feature record: CXX_FEATURE:0cxx_decltype
    Feature record: CXX_FEATURE:0cxx_decltype_auto
    Feature record: CXX_FEATURE:0cxx_decltype_incomplete_return_types
    Feature record: CXX_FEATURE:0cxx_default_function_template_args
    Feature record: CXX_FEATURE:0cxx_defaulted_functions
    Feature record: CXX_FEATURE:0cxx_defaulted_move_initializers
    Feature record: CXX_FEATURE:0cxx_delegating_constructors
    Feature record: CXX_FEATURE:0cxx_deleted_functions
    Feature record: CXX_FEATURE:0cxx_digit_separators
    Feature record: CXX_FEATURE:0cxx_enum_forward_declarations
    Feature record: CXX_FEATURE:0cxx_explicit_conversions
    Feature record: CXX_FEATURE:0cxx_extended_friend_declarations
    Feature record: CXX_FEATURE:0cxx_extern_templates
    Feature record: CXX_FEATURE:0cxx_final
    Feature record: CXX_FEATURE:0cxx_func_identifier
    Feature record: CXX_FEATURE:0cxx_generalized_initializers
    Feature record: CXX_FEATURE:0cxx_generic_lambdas
    Feature record: CXX_FEATURE:0cxx_inheriting_constructors
    Feature record: CXX_FEATURE:0cxx_inline_namespaces
    Feature record: CXX_FEATURE:0cxx_lambdas
    Feature record: CXX_FEATURE:0cxx_lambda_init_captures
    Feature record: CXX_FEATURE:0cxx_local_type_template_args
    Feature record: CXX_FEATURE:0cxx_long_long_type
    Feature record: CXX_FEATURE:0cxx_noexcept
    Feature record: CXX_FEATURE:0cxx_nonstatic_member_init
    Feature record: CXX_FEATURE:0cxx_nullptr
    Feature record: CXX_FEATURE:0cxx_override
    Feature record: CXX_FEATURE:0cxx_range_for
    Feature record: CXX_FEATURE:0cxx_raw_string_literals
    Feature record: CXX_FEATURE:0cxx_reference_qualified_functions
    Feature record: CXX_FEATURE:0cxx_relaxed_constexpr
    Feature record: CXX_FEATURE:0cxx_return_type_deduction
    Feature record: CXX_FEATURE:0cxx_right_angle_brackets
    Feature record: CXX_FEATURE:0cxx_rvalue_references
    Feature record: CXX_FEATURE:0cxx_sizeof_member
    Feature record: CXX_FEATURE:0cxx_static_assert
    Feature record: CXX_FEATURE:0cxx_strong_enums
    Feature record: CXX_FEATURE:1cxx_template_template_parameters
    Feature record: CXX_FEATURE:0cxx_thread_local
    Feature record: CXX_FEATURE:0cxx_trailing_return_types
    Feature record: CXX_FEATURE:0cxx_unicode_literals
    Feature record: CXX_FEATURE:0cxx_uniform_initialization
    Feature record: CXX_FEATURE:0cxx_unrestricted_unions
    Feature record: CXX_FEATURE:0cxx_user_literals
    Feature record: CXX_FEATURE:0cxx_variable_templates
    Feature record: CXX_FEATURE:0cxx_variadic_macros
    Feature record: CXX_FEATURE:0cxx_variadic_templates
Determining if the function XOpenDisplay exists in the /usr/lib64/libX11.so;/usr/lib64/libXext.so passed with the following output:
Change Dir: /meg/home/tomaiu_c/examples/uff/sim/build/CMakeFiles/CMakeTmp

Run Build Command:"/usr/bin/gmake" "cmTC_1b9d9/fast"
/usr/bin/gmake -f CMakeFiles/cmTC_1b9d9.dir/build.make CMakeFiles/cmTC_1b9d9.dir/build
gmake[1]: Entering directory `/meg/home/tomaiu_c/examples/uff/sim/build/CMakeFiles/CMakeTmp'
Building C object CMakeFiles/cmTC_1b9d9.dir/CheckFunctionExists.c.o
/opt/psi/Programming/gcc/10.3.0/bin/gcc   -DCHECK_FUNCTION_EXISTS=XOpenDisplay   -o CMakeFiles/cmTC_1b9d9.dir/CheckFunctionExists.c.o   -c /afs/psi.ch/sys/psi.merlin/Programming/cmake/3.9.6/share/cmake-3.9/Modules/CheckFunctionExists.c
Linking C executable cmTC_1b9d9
/afs/psi.ch/sys/psi.merlin/Programming/cmake/3.9.6/bin/cmake -E cmake_link_script CMakeFiles/cmTC_1b9d9.dir/link.txt --verbose=1
/opt/psi/Programming/gcc/10.3.0/bin/gcc  -DCHECK_FUNCTION_EXISTS=XOpenDisplay    CMakeFiles/cmTC_1b9d9.dir/CheckFunctionExists.c.o  -o cmTC_1b9d9 /usr/lib64/libX11.so /usr/lib64/libXext.so 
gmake[1]: Leaving directory `/meg/home/tomaiu_c/examples/uff/sim/build/CMakeFiles/CMakeTmp'


Determining if the function gethostbyname exists passed with the following output:
Change Dir: /meg/home/tomaiu_c/examples/uff/sim/build/CMakeFiles/CMakeTmp

Run Build Command:"/usr/bin/gmake" "cmTC_2453c/fast"
/usr/bin/gmake -f CMakeFiles/cmTC_2453c.dir/build.make CMakeFiles/cmTC_2453c.dir/build
gmake[1]: Entering directory `/meg/home/tomaiu_c/examples/uff/sim/build/CMakeFiles/CMakeTmp'
Building C object CMakeFiles/cmTC_2453c.dir/CheckFunctionExists.c.o
/opt/psi/Programming/gcc/10.3.0/bin/gcc   -DCHECK_FUNCTION_EXISTS=gethostbyname   -o CMakeFiles/cmTC_2453c.dir/CheckFunctionExists.c.o   -c /afs/psi.ch/sys/psi.merlin/Programming/cmake/3.9.6/share/cmake-3.9/Modules/CheckFunctionExists.c
Linking C executable cmTC_2453c
/afs/psi.ch/sys/psi.merlin/Programming/cmake/3.9.6/bin/cmake -E cmake_link_script CMakeFiles/cmTC_2453c.dir/link.txt --verbose=1
/opt/psi/Programming/gcc/10.3.0/bin/gcc  -DCHECK_FUNCTION_EXISTS=gethostbyname    CMakeFiles/cmTC_2453c.dir/CheckFunctionExists.c.o  -o cmTC_2453c 
gmake[1]: Leaving directory `/meg/home/tomaiu_c/examples/uff/sim/build/CMakeFiles/CMakeTmp'


Determining if the function connect exists passed with the following output:
Change Dir: /meg/home/tomaiu_c/examples/uff/sim/build/CMakeFiles/CMakeTmp

Run Build Command:"/usr/bin/gmake" "cmTC_4c39e/fast"
/usr/bin/gmake -f CMakeFiles/cmTC_4c39e.dir/build.make CMakeFiles/cmTC_4c39e.dir/build
gmake[1]: Entering directory `/meg/home/tomaiu_c/examples/uff/sim/build/CMakeFiles/CMakeTmp'
Building C object CMakeFiles/cmTC_4c39e.dir/CheckFunctionExists.c.o
/opt/psi/Programming/gcc/10.3.0/bin/gcc   -DCHECK_FUNCTION_EXISTS=connect   -o CMakeFiles/cmTC_4c39e.dir/CheckFunctionExists.c.o   -c /afs/psi.ch/sys/psi.merlin/Programming/cmake/3.9.6/share/cmake-3.9/Modules/CheckFunctionExists.c
Linking C executable cmTC_4c39e
/afs/psi.ch/sys/psi.merlin/Programming/cmake/3.9.6/bin/cmake -E cmake_link_script CMakeFiles/cmTC_4c39e.dir/link.txt --verbose=1
/opt/psi/Programming/gcc/10.3.0/bin/gcc  -DCHECK_FUNCTION_EXISTS=connect    CMakeFiles/cmTC_4c39e.dir/CheckFunctionExists.c.o  -o cmTC_4c39e 
gmake[1]: Leaving directory `/meg/home/tomaiu_c/examples/uff/sim/build/CMakeFiles/CMakeTmp'


Determining if the function remove exists passed with the following output:
Change Dir: /meg/home/tomaiu_c/examples/uff/sim/build/CMakeFiles/CMakeTmp

Run Build Command:"/usr/bin/gmake" "cmTC_5344e/fast"
/usr/bin/gmake -f CMakeFiles/cmTC_5344e.dir/build.make CMakeFiles/cmTC_5344e.dir/build
gmake[1]: Entering directory `/meg/home/tomaiu_c/examples/uff/sim/build/CMakeFiles/CMakeTmp'
Building C object CMakeFiles/cmTC_5344e.dir/CheckFunctionExists.c.o
/opt/psi/Programming/gcc/10.3.0/bin/gcc   -DCHECK_FUNCTION_EXISTS=remove   -o CMakeFiles/cmTC_5344e.dir/CheckFunctionExists.c.o   -c /afs/psi.ch/sys/psi.merlin/Programming/cmake/3.9.6/share/cmake-3.9/Modules/CheckFunctionExists.c
Linking C executable cmTC_5344e
/afs/psi.ch/sys/psi.merlin/Programming/cmake/3.9.6/bin/cmake -E cmake_link_script CMakeFiles/cmTC_5344e.dir/link.txt --verbose=1
/opt/psi/Programming/gcc/10.3.0/bin/gcc  -DCHECK_FUNCTION_EXISTS=remove    CMakeFiles/cmTC_5344e.dir/CheckFunctionExists.c.o  -o cmTC_5344e 
gmake[1]: Leaving directory `/meg/home/tomaiu_c/examples/uff/sim/build/CMakeFiles/CMakeTmp'


Determining if the function shmat exists passed with the following output:
Change Dir: /meg/home/tomaiu_c/examples/uff/sim/build/CMakeFiles/CMakeTmp

Run Build Command:"/usr/bin/gmake" "cmTC_f1697/fast"
/usr/bin/gmake -f CMakeFiles/cmTC_f1697.dir/build.make CMakeFiles/cmTC_f1697.dir/build
gmake[1]: Entering directory `/meg/home/tomaiu_c/examples/uff/sim/build/CMakeFiles/CMakeTmp'
Building C object CMakeFiles/cmTC_f1697.dir/CheckFunctionExists.c.o
/opt/psi/Programming/gcc/10.3.0/bin/gcc   -DCHECK_FUNCTION_EXISTS=shmat   -o CMakeFiles/cmTC_f1697.dir/CheckFunctionExists.c.o   -c /afs/psi.ch/sys/psi.merlin/Programming/cmake/3.9.6/share/cmake-3.9/Modules/CheckFunctionExists.c
Linking C executable cmTC_f1697
/afs/psi.ch/sys/psi.merlin/Programming/cmake/3.9.6/bin/cmake -E cmake_link_script CMakeFiles/cmTC_f1697.dir/link.txt --verbose=1
/opt/psi/Programming/gcc/10.3.0/bin/gcc  -DCHECK_FUNCTION_EXISTS=shmat    CMakeFiles/cmTC_f1697.dir/CheckFunctionExists.c.o  -o cmTC_f1697 
gmake[1]: Leaving directory `/meg/home/tomaiu_c/examples/uff/sim/build/CMakeFiles/CMakeTmp'


Determining if the function IceConnectionNumber exists in the ICE passed with the following output:
Change Dir: /meg/home/tomaiu_c/examples/uff/sim/build/CMakeFiles/CMakeTmp

Run Build Command:"/usr/bin/gmake" "cmTC_f72a8/fast"
/usr/bin/gmake -f CMakeFiles/cmTC_f72a8.dir/build.make CMakeFiles/cmTC_f72a8.dir/build
gmake[1]: Entering directory `/meg/home/tomaiu_c/examples/uff/sim/build/CMakeFiles/CMakeTmp'
Building C object CMakeFiles/cmTC_f72a8.dir/CheckFunctionExists.c.o
/opt/psi/Programming/gcc/10.3.0/bin/gcc   -DCHECK_FUNCTION_EXISTS=IceConnectionNumber   -o CMakeFiles/cmTC_f72a8.dir/CheckFunctionExists.c.o   -c /afs/psi.ch/sys/psi.merlin/Programming/cmake/3.9.6/share/cmake-3.9/Modules/CheckFunctionExists.c
Linking C executable cmTC_f72a8
/afs/psi.ch/sys/psi.merlin/Programming/cmake/3.9.6/bin/cmake -E cmake_link_script CMakeFiles/cmTC_f72a8.dir/link.txt --verbose=1
/opt/psi/Programming/gcc/10.3.0/bin/gcc  -DCHECK_FUNCTION_EXISTS=IceConnectionNumber    CMakeFiles/cmTC_f72a8.dir/CheckFunctionExists.c.o  -o cmTC_f72a8 -lICE 
gmake[1]: Leaving directory `/meg/home/tomaiu_c/examples/uff/sim/build/CMakeFiles/CMakeTmp'


